<?xml version="1.0" encoding="UTF-8"?>
<!-- Generated by org.testng.reporters.JUnitXMLReporter -->
<testsuite ignored="0" hostname="LAPTOP-LP9QG413" failures="0" tests="6" name="Surefire test" time="0.049" errors="0" timestamp="2021-03-23T20:37:34 EDT">
  <testcase classname="maven.ndjanuary.AmazonCartTest" name="buyItems" time="0.004"/>
  <testcase classname="maven.ndjanuary.AmazonCartTest" name="buyelEctronics" time="0.0"/>
  <testcase classname="maven.ndjanuary.AmazonLoginTest" name="adminLogin" time="0.0"/>
  <testcase classname="maven.ndjanuary.AmazonLoginTest" name="amazonLogin" time="0.0"/>
  <testcase classname="maven.ndjanuary.AmazonLoginTest" name="clinetlogin" time="0.0"/>
  <testcase classname="maven.ndjanuary.Amazon_Registration_Test" name="registration" time="0.001"/>
</testsuite> <!-- Surefire test -->
