<?xml version="1.0" encoding="UTF-8"?>
<!-- Generated by org.testng.reporters.JUnitXMLReporter -->
<testsuite ignored="0" hostname="LAPTOP-LP9QG413" failures="0" tests="6" name="Test" time="0.059" errors="0" timestamp="2021-01-14T21:04:44 EST">
  <testcase classname="maven.ndjanuary.AmazonCartTest" name="buyItems" time="0.007"/>
  <testcase classname="maven.ndjanuary.AmazonCartTest" name="buyelEctronics" time="0.001"/>
  <testcase classname="maven.ndjanuary.AmazonLoginTest" name="adminLogin" time="0.001"/>
  <testcase classname="maven.ndjanuary.AmazonLoginTest" name="amazonLogin" time="0.001"/>
  <testcase classname="maven.ndjanuary.AmazonLoginTest" name="clinetlogin" time="0.001"/>
  <testcase classname="maven.ndjanuary.Amazon_Registration_Test" name="registration" time="0.001"/>
</testsuite> <!-- Test -->
