<?xml version="1.0" encoding="UTF-8"?>
<testng-results ignored="0" total="2" passed="2" failed="0" skipped="0">
  <reporter-output>
  </reporter-output>
  <suite started-at="2021-01-15T20:44:36 EST" name="Default suite" finished-at="2021-01-15T20:44:36 EST" duration-ms="86">
    <groups>
    </groups>
    <test started-at="2021-01-15T20:44:36 EST" name="Default test" finished-at="2021-01-15T20:44:36 EST" duration-ms="86">
      <class name="maven.ndjanuary.AmazonCartTest">
        <test-method signature="buyItems()[pri:0, instance:maven.ndjanuary.AmazonCartTest@2a32de6c]" started-at="2021-01-15T20:44:36 EST" name="buyItems" finished-at="2021-01-15T20:44:36 EST" duration-ms="31" status="PASS">
          <reporter-output>
          </reporter-output>
        </test-method> <!-- buyItems -->
        <test-method signature="buyelEctronics()[pri:0, instance:maven.ndjanuary.AmazonCartTest@2a32de6c]" started-at="2021-01-15T20:44:36 EST" name="buyelEctronics" finished-at="2021-01-15T20:44:36 EST" duration-ms="1" status="PASS">
          <reporter-output>
          </reporter-output>
        </test-method> <!-- buyelEctronics -->
      </class> <!-- maven.ndjanuary.AmazonCartTest -->
    </test> <!-- Default test -->
  </suite> <!-- Default suite -->
</testng-results>
